<?xml version="1.0" encoding="UTF-8"?>
<testsuite xmlns:xsi="http://www.w3.org/2001/XMLSchema-instance" xsi:noNamespaceSchemaLocation="https://maven.apache.org/surefire/maven-surefire-plugin/xsd/surefire-test-report.xsd" version="3.0.2" name="com.generation.blogpessoal.controller.UsuarioControllerTest" time="3.672" tests="4" errors="0" skipped="0" failures="0">
  <properties>
[...]
</properties>
  <testcase name="deveCriarUmUsuario" classname="com.generation.blogpessoal.controller.UsuarioControllerTest" time="0.822">
    <system-out><![CDATA[2025-05-20T15:28:53.151-03:00  INFO 17719 --- [           main] t.c.s.AnnotationConfigContextLoaderUtils : Could not detect default configuration classes for test class [com.generation.blogpessoal.controller.UsuarioControllerTest]: UsuarioControllerTest does not declare any static, non-private, non-final, nested classes annotated with @Configuration.
2025-05-20T15:28:53.164-03:00  INFO 17719 --- [           main] .b.t.c.SpringBootTestContextBootstrapper : Found @SpringBootConfiguration com.generation.blogpessoal.BlogpessoalApplication for test class com.generation.blogpessoal.controller.UsuarioControllerTest
2025-05-20T15:28:53.168-03:00  INFO 17719 --- [           main] o.s.b.d.r.RestartApplicationListener     : Restart disabled due to context in which it is running

  .   ____          _            __ _ _
 /\\ / ___'_ __ _ _(_)_ __  __ _ \ \ \ \
( ( )\___ | '_ | '_| | '_ \/ _` | \ \ \ \
 \\/  ___)| |_)| | | | | || (_| |  ) ) ) )
  '  |____| .__|_| |_|_| |_\__, | / / / /
 =========|_|==============|___/=/_/_/_/

 :: Spring Boot ::                (v3.4.5)

2025-05-20T15:28:53.199-03:00  INFO 17719 --- [           main] c.g.b.controller.UsuarioControllerTest   : Starting UsuarioControllerTest using Java 21.0.6 with PID 17719 (started by user in /Users/user/blog-pessoal-final/blog-pessoal)
2025-05-20T15:28:53.199-03:00  INFO 17719 --- [           main] c.g.b.controller.UsuarioControllerTest   : No active profile set, falling back to 1 default profile: "default"
2025-05-20T15:28:53.411-03:00  INFO 17719 --- [           main] .s.d.r.c.RepositoryConfigurationDelegate : Bootstrapping Spring Data JPA repositories in DEFAULT mode.
2025-05-20T15:28:53.433-03:00  INFO 17719 --- [           main] .s.d.r.c.RepositoryConfigurationDelegate : Finished Spring Data repository scanning in 10 ms. Found 3 JPA repository interfaces.
2025-05-20T15:28:53.629-03:00  INFO 17719 --- [           main] o.s.b.w.embedded.tomcat.TomcatWebServer  : Tomcat initialized with port 0 (http)
2025-05-20T15:28:53.643-03:00  INFO 17719 --- [           main] o.apache.catalina.core.StandardService   : Starting service [Tomcat]
2025-05-20T15:28:53.643-03:00  INFO 17719 --- [           main] o.apache.catalina.core.StandardEngine    : Starting Servlet engine: [Apache Tomcat/10.1.40]
2025-05-20T15:28:53.691-03:00  INFO 17719 --- [           main] o.a.c.c.C.[Tomcat].[localhost].[/]       : Initializing Spring embedded WebApplicationContext
2025-05-20T15:28:53.691-03:00  INFO 17719 --- [           main] w.s.c.ServletWebServerApplicationContext : Root WebApplicationContext: initialization completed in 490 ms
2025-05-20T15:28:53.726-03:00  INFO 17719 --- [           main] com.zaxxer.hikari.HikariDataSource       : HikariPool-2 - Starting...
2025-05-20T15:28:53.728-03:00  INFO 17719 --- [           main] com.zaxxer.hikari.pool.HikariPool        : HikariPool-2 - Added connection conn10: url=jdbc:h2:mem:test user=SA
2025-05-20T15:28:53.728-03:00  INFO 17719 --- [           main] com.zaxxer.hikari.HikariDataSource       : HikariPool-2 - Start completed.
2025-05-20T15:28:53.729-03:00  INFO 17719 --- [           main] o.hibernate.jpa.internal.util.LogHelper  : HHH000204: Processing PersistenceUnitInfo [name: default]
2025-05-20T15:28:53.731-03:00  INFO 17719 --- [           main] o.h.c.internal.RegionFactoryInitiator    : HHH000026: Second-level cache disabled
2025-05-20T15:28:53.740-03:00  INFO 17719 --- [           main] o.s.o.j.p.SpringPersistenceUnitInfo      : No LoadTimeWeaver setup: ignoring JPA class transformer
2025-05-20T15:28:53.741-03:00  INFO 17719 --- [           main] org.hibernate.orm.connections.pooling    : HHH10001005: Database info:
	Database JDBC URL [Connecting through datasource 'HikariDataSource (HikariPool-2)']
	Database driver: undefined/unknown
	Database version: 2.3.232
	Autocommit mode: undefined/unknown
	Isolation level: undefined/unknown
	Minimum pool size: undefined/unknown
	Maximum pool size: undefined/unknown
2025-05-20T15:28:53.790-03:00  INFO 17719 --- [           main] o.h.e.t.j.p.i.JtaPlatformInitiator       : HHH000489: No JTA platform available (set 'hibernate.transaction.jta.platform' to enable JTA platform integration)
2025-05-20T15:28:53.801-03:00  INFO 17719 --- [           main] j.LocalContainerEntityManagerFactoryBean : Initialized JPA EntityManagerFactory for persistence unit 'default'
2025-05-20T15:28:53.913-03:00  INFO 17719 --- [           main] eAuthenticationProviderManagerConfigurer : Global AuthenticationManager configured with AuthenticationProvider bean with name authenticationProvider
2025-05-20T15:28:53.914-03:00  WARN 17719 --- [           main] r$InitializeUserDetailsManagerConfigurer : Global AuthenticationManager configured with an AuthenticationProvider bean. UserDetailsService beans will not be used by Spring Security for automatically configuring username/password login. Consider removing the AuthenticationProvider bean. Alternatively, consider using the UserDetailsService in a manually instantiated DaoAuthenticationProvider. If the current configuration is intentional, to turn off this warning, increase the logging level of 'org.springframework.security.config.annotation.authentication.configuration.InitializeUserDetailsBeanManagerConfigurer' to ERROR
2025-05-20T15:28:53.945-03:00  WARN 17719 --- [           main] JpaBaseConfiguration$JpaWebConfiguration : spring.jpa.open-in-view is enabled by default. Therefore, database queries may be performed during view rendering. Explicitly configure spring.jpa.open-in-view to disable this warning
2025-05-20T15:28:54.319-03:00  INFO 17719 --- [           main] o.s.b.w.embedded.tomcat.TomcatWebServer  : Tomcat started on port 57406 (http) with context path '/'
2025-05-20T15:28:54.323-03:00  INFO 17719 --- [           main] c.g.b.controller.UsuarioControllerTest   : Started UsuarioControllerTest in 1.155 seconds (process running for 8.901)
2025-05-20T15:28:55.591-03:00  INFO 17719 --- [o-auto-1-exec-1] o.a.c.c.C.[Tomcat].[localhost].[/]       : Initializing Spring DispatcherServlet 'dispatcherServlet'
2025-05-20T15:28:55.592-03:00  INFO 17719 --- [o-auto-1-exec-1] o.s.web.servlet.DispatcherServlet        : Initializing Servlet 'dispatcherServlet'
2025-05-20T15:28:55.595-03:00  INFO 17719 --- [o-auto-1-exec-1] o.s.web.servlet.DispatcherServlet        : Completed initialization in 2 ms
]]></system-out>
  </testcase>
  <testcase name="deveMostrarTodosUsuarios" classname="com.generation.blogpessoal.controller.UsuarioControllerTest" time="0.48"/>
  <testcase name="deveAtualizarUmUsuario" classname="com.generation.blogpessoal.controller.UsuarioControllerTest" time="0.323"/>
  <testcase name="naoDeveDuplicarUsuario" classname="com.generation.blogpessoal.controller.UsuarioControllerTest" time="0.119"/>
</testsuite>